Start downloading data
WARNING: timestamping does nothing in combination with -O. See the manual
for details.

--2023-10-31 01:04:51--  https://climate.weather.gc.ca/climate_data/bulk_data_e.html?format=csv&stationID=48549&Year=2020&Month=2&Day=14&timeframe=1&submit=%20Download+Data
Resolving climate.weather.gc.ca (climate.weather.gc.ca)... 205.189.10.46
Connecting to climate.weather.gc.ca (climate.weather.gc.ca)|205.189.10.46|:443... connected.
HTTP request sent, awaiting response... 200 OK
Length: unspecified [application/force-download]
Saving to: ‘/home/ubuntu/Miniproject/week1/input/2020.csv’

     0K .......... .......... .......... .......... ..........  799K
    50K .......... .......... .......... .......... .......... 1.60M
   100K .......... .......... .......                           101M=0.09s

2023-10-31 01:04:53 (1.33 MB/s) - ‘/home/ubuntu/Miniproject/week1/input/2020.csv’ saved [130712]

WARNING: timestamping does nothing in combination with -O. See the manual
for details.

--2023-10-31 01:04:53--  https://climate.weather.gc.ca/climate_data/bulk_data_e.html?format=csv&stationID=48549&Year=2021&Month=2&Day=14&timeframe=1&submit=%20Download+Data
Resolving climate.weather.gc.ca (climate.weather.gc.ca)... 205.189.10.46
Connecting to climate.weather.gc.ca (climate.weather.gc.ca)|205.189.10.46|:443... connected.
HTTP request sent, awaiting response... 200 OK
Length: unspecified [application/force-download]
Saving to: ‘/home/ubuntu/Miniproject/week1/input/2021.csv’

     0K .......... .......... .......... .......... ..........  754K
    50K .......... .......... .......... .......... .......... 1.47M
   100K .......... .......... ...                              50.1M=0.1s

2023-10-31 01:04:56 (1.21 MB/s) - ‘/home/ubuntu/Miniproject/week1/input/2021.csv’ saved [126714]

WARNING: timestamping does nothing in combination with -O. See the manual
for details.

--2023-10-31 01:04:56--  https://climate.weather.gc.ca/climate_data/bulk_data_e.html?format=csv&stationID=48549&Year=2022&Month=2&Day=14&timeframe=1&submit=%20Download+Data
Resolving climate.weather.gc.ca (climate.weather.gc.ca)... 205.189.10.46
Connecting to climate.weather.gc.ca (climate.weather.gc.ca)|205.189.10.46|:443... connected.
HTTP request sent, awaiting response... 200 OK
Length: unspecified [application/force-download]
Saving to: ‘/home/ubuntu/Miniproject/week1/input/2022.csv’

     0K .......... .......... .......... .......... ..........  740K
    50K .......... .......... .......... .......... .......... 1.44M
   100K .......... .......... ...                               176M=0.1s

2023-10-31 01:04:58 (1.19 MB/s) - ‘/home/ubuntu/Miniproject/week1/input/2022.csv’ saved [126636]

WARNING: timestamping does nothing in combination with -O. See the manual
for details.

--2023-10-31 01:04:58--  https://climate.weather.gc.ca/climate_data/bulk_data_e.html?format=csv&stationID=48549&Year=2023&Month=2&Day=14&timeframe=1&submit=%20Download+Data
Resolving climate.weather.gc.ca (climate.weather.gc.ca)... 205.189.10.46
Connecting to climate.weather.gc.ca (climate.weather.gc.ca)|205.189.10.46|:443... connected.
HTTP request sent, awaiting response... 200 OK
Length: unspecified [application/force-download]
Saving to: ‘/home/ubuntu/Miniproject/week1/input/2023.csv’

     0K .......... .......... .......... .......... ..........  789K
    50K .......... .......... .......... .......... .......... 1.54M
   100K .......... .......... ..                                162M=0.1s

2023-10-31 01:05:00 (1.26 MB/s) - ‘/home/ubuntu/Miniproject/week1/input/2023.csv’ saved [125932]

downloading individual files succeeded
start running python script to concatenate the individual files to one
Traceback (most recent call last):
  File "/home/ubuntu/Miniproject/week1/scripts/Toronto_climate.py", line 1, in <module>
    import pandas as pd
ModuleNotFoundError: No module named 'pandas'
PYTHON RUNNING FAILED
[ERROR:] RETURN CODE:  1
